2026-01-03 18:54:38,238 INFO [1032336310.py:14] Logger initialized successfully
2026-01-03 18:54:52,044 INFO [1032336310.py:14] Logger initialized successfully
2026-01-03 18:54:53,912 INFO [1032336310.py:14] Logger initialized successfully
2026-01-03 18:54:55,390 INFO [1032336310.py:14] Logger initialized successfully
2026-01-03 18:55:10,599 INFO [3514651903.py:27] Logger initialized successfully
2026-01-04 14:52:11,681 INFO [4273197506.py:12] Logger initialized successfully
2026-01-04 14:52:11,708 INFO [3994674098.py:20] data successfully read from csv file
data shape : (1476, 35)

2026-01-04 14:52:11,722 INFO [45053640.py:19] after cleaning the data from nulls and making sure target column Attribition only contain valid values
yes or no, result dataset (1470, 35)
2026-01-04 14:52:11,855 INFO [1203486674.py:20] successfully plot the distributon of target column, which turns out to be extremly unbalanced
number of Yes in Attrition : 237, number of No in Attrition : 1233
2026-01-04 14:52:11,865 INFO [4254998495.py:19] succesfully converted columns to according data types
2026-01-04 14:52:12,222 INFO [134400113.py:29] succesfully explored distribution of columns important in predictoin
2026-01-04 14:52:13,212 INFO [2725410020.py:51] successfully plotted heatmap of numerical features
top 5 features strongly associated with attrition are:
TotalWorkingYears    0.171063
MonthlyIncome        0.159840
Age                  0.159205
YearsAtCompany       0.134392
JobSatisfaction      0.103481
Name: Attrition, dtype: float64
2026-01-04 15:00:05,972 INFO [4273197506.py:12] Logger initialized successfully
2026-01-04 15:00:05,999 INFO [3994674098.py:20] data successfully read from csv file
data shape : (1476, 35)

2026-01-04 15:00:06,012 INFO [45053640.py:19] after cleaning the data from nulls and making sure target column Attribition only contain valid values
yes or no, result dataset (1470, 35)
2026-01-04 15:00:06,085 INFO [1972218821.py:20] successfully plot the distributon of target column, which turns out to be extremly unbalanced
number of Yes in Attrition : 237, number of No in Attrition : 1233
2026-01-04 15:00:06,094 INFO [4254998495.py:19] succesfully converted columns to according data types
2026-01-04 15:00:06,443 INFO [134400113.py:29] succesfully explored distribution of columns important in predictoin
2026-01-04 15:00:07,429 INFO [2725410020.py:51] successfully plotted heatmap of numerical features
top 5 features strongly associated with attrition are:
TotalWorkingYears    0.171063
MonthlyIncome        0.159840
Age                  0.159205
YearsAtCompany       0.134392
JobSatisfaction      0.103481
Name: Attrition, dtype: float64
2026-01-04 15:00:21,547 INFO [4273197506.py:12] Logger initialized successfully
2026-01-04 15:00:21,578 INFO [3994674098.py:20] data successfully read from csv file
data shape : (1476, 35)

2026-01-04 15:00:21,589 INFO [45053640.py:19] after cleaning the data from nulls and making sure target column Attribition only contain valid values
yes or no, result dataset (1470, 35)
2026-01-04 15:00:21,640 INFO [1972218821.py:20] successfully plot the distributon of target column, which turns out to be extremly unbalanced
number of Yes in Attrition : 237, number of No in Attrition : 1233
2026-01-04 15:00:21,649 INFO [4254998495.py:19] succesfully converted columns to according data types
2026-01-04 15:00:22,092 INFO [134400113.py:29] succesfully explored distribution of columns important in predictoin
2026-01-04 15:00:23,108 INFO [3392169723.py:51] successfully plotted heatmap of numerical features
top 5 features strongly associated with attrition are:
TotalWorkingYears    0.171063
MonthlyIncome        0.159840
Age                  0.159205
YearsAtCompany       0.134392
JobSatisfaction      0.103481
Name: Attrition, dtype: float64
2026-01-04 15:25:49,797 INFO [2618628507.py:51] successfully plotted heatmap of numerical features
top 5 features strongly associated with attrition are:
TotalWorkingYears    0.171063
MonthlyIncome        0.159840
Age                  0.159205
YearsAtCompany       0.134392
JobSatisfaction      0.103481
Name: Attrition, dtype: float64
2026-01-04 15:26:00,254 INFO [219400026.py:51] successfully plotted heatmap of numerical features
top 5 features strongly associated with attrition are:
TotalWorkingYears    0.171063
MonthlyIncome        0.159840
Age                  0.159205
YearsAtCompany       0.134392
JobSatisfaction      0.103481
Name: Attrition, dtype: float64
2026-01-04 15:41:05,266 INFO [2138304781.py:51] successfully plotted heatmap of numerical features
top 5 features strongly associated with attrition are:
TotalWorkingYears    0.171063
MonthlyIncome        0.159840
Age                  0.159205
YearsAtCompany       0.134392
JobSatisfaction      0.103481
Name: Attrition, dtype: float64
2026-01-04 15:42:28,256 INFO [1257284621.py:56] Successfully computed correlations of numerical features.
Top 5 features most strongly associated with attrition:
Age                       NaN
EnvironmentSatisfaction   NaN
MonthlyIncome             NaN
JobSatisfaction           NaN
YearsAtCompany            NaN
Name: Attrition, dtype: float64
2026-01-04 15:42:33,757 INFO [4273197506.py:12] Logger initialized successfully
2026-01-04 15:42:33,789 INFO [3994674098.py:20] data successfully read from csv file
data shape : (1476, 35)

2026-01-04 15:42:33,800 INFO [45053640.py:19] after cleaning the data from nulls and making sure target column Attribition only contain valid values
yes or no, result dataset (1470, 35)
2026-01-04 15:42:33,882 INFO [1972218821.py:20] successfully plot the distributon of target column, which turns out to be extremly unbalanced
number of Yes in Attrition : 237, number of No in Attrition : 1233
2026-01-04 15:42:33,897 INFO [4254998495.py:19] succesfully converted columns to according data types
2026-01-04 15:42:34,254 INFO [134400113.py:29] succesfully explored distribution of columns important in predictoin
2026-01-04 15:42:35,315 INFO [1257284621.py:56] Successfully computed correlations of numerical features.
Top 5 features most strongly associated with attrition:
Age                       NaN
EnvironmentSatisfaction   NaN
MonthlyIncome             NaN
JobSatisfaction           NaN
YearsAtCompany            NaN
Name: Attrition, dtype: float64
2026-01-04 15:44:02,461 INFO [2584997847.py:57] Successfully computed correlations of numerical features.
Top 5 features most strongly associated with attrition:
Age                       NaN
EnvironmentSatisfaction   NaN
MonthlyIncome             NaN
JobSatisfaction           NaN
YearsAtCompany            NaN
Name: Attrition, dtype: float64
2026-01-04 15:44:04,733 INFO [4273197506.py:12] Logger initialized successfully
2026-01-04 15:44:04,768 INFO [3994674098.py:20] data successfully read from csv file
data shape : (1476, 35)

2026-01-04 15:44:04,780 INFO [45053640.py:19] after cleaning the data from nulls and making sure target column Attribition only contain valid values
yes or no, result dataset (1470, 35)
2026-01-04 15:44:04,831 INFO [1972218821.py:20] successfully plot the distributon of target column, which turns out to be extremly unbalanced
number of Yes in Attrition : 237, number of No in Attrition : 1233
2026-01-04 15:44:04,840 INFO [4254998495.py:19] succesfully converted columns to according data types
2026-01-04 15:44:05,203 INFO [134400113.py:29] succesfully explored distribution of columns important in predictoin
2026-01-04 15:44:06,123 INFO [2584997847.py:57] Successfully computed correlations of numerical features.
Top 5 features most strongly associated with attrition:
Age                       NaN
EnvironmentSatisfaction   NaN
MonthlyIncome             NaN
JobSatisfaction           NaN
YearsAtCompany            NaN
Name: Attrition, dtype: float64
2026-01-04 17:14:59,571 INFO [category.py:224] Using categorical units to plot a list of strings that are all parsable as floats or dates. If these strings should be plotted as numbers, cast to the appropriate data type before plotting.
2026-01-04 17:14:59,576 INFO [category.py:224] Using categorical units to plot a list of strings that are all parsable as floats or dates. If these strings should be plotted as numbers, cast to the appropriate data type before plotting.
2026-01-04 17:40:54,478 INFO [4273197506.py:12] Logger initialized successfully
2026-01-04 17:40:54,524 INFO [3994674098.py:20] data successfully read from csv file
data shape : (1476, 35)

2026-01-04 17:40:54,538 INFO [45053640.py:19] after cleaning the data from nulls and making sure target column Attribition only contain valid values
yes or no, result dataset (1470, 35)
2026-01-04 17:40:54,602 INFO [1972218821.py:20] successfully plot the distributon of target column, which turns out to be extremly unbalanced
number of Yes in Attrition : 237, number of No in Attrition : 1233
2026-01-04 17:40:54,610 INFO [4254998495.py:19] succesfully converted columns to according data types
2026-01-04 17:40:54,964 INFO [134400113.py:29] succesfully explored distribution of columns important in predictoin
2026-01-04 17:40:55,939 INFO [2584997847.py:57] Successfully computed correlations of numerical features.
Top 5 features most strongly associated with attrition:
Age                       NaN
EnvironmentSatisfaction   NaN
MonthlyIncome             NaN
JobSatisfaction           NaN
YearsAtCompany            NaN
Name: Attrition, dtype: float64
2026-01-04 17:40:56,020 INFO [2283534123.py:10] plotted past vs acrive employees by job satisfactionshowing more astisfaction with job -> less likely to leave
2026-01-04 17:40:56,738 INFO [155731557.py:29] we are discovering outliers in numerical features. most of them do not have outliers, but the ones with them we have left untouched.

They are not errors - they are important edge cases model needs to learn.
2026-01-04 17:40:56,745 INFO [1783097805.py:4] we engineered new feature promotion rate, larger the rate, more often the employee is promoted
2026-01-04 17:42:18,344 INFO [1783097805.py:4] we engineered new feature promotion rate, larger the rate, more often the employee is promoted
2026-01-04 17:43:43,085 INFO [3102039206.py:4] we engineered new feature promotion rate, larger the rate, more often the employee is promoted
2026-01-04 17:45:03,794 INFO [3292141407.py:4] we engineered new feature promotion rate, larger the rate, more often the employee is promoted
2026-01-04 17:45:13,815 INFO [4179619633.py:4] we engineered new feature promotion rate, larger the rate, more often the employee is promoted
2026-01-04 17:46:05,510 INFO [1296338592.py:4] we engineered new feature promotion rate, larger the rate, more often the employee is promoted
2026-01-07 00:04:40,731 INFO [4273197506.py:12] Logger initialized successfully
2026-01-07 00:04:40,758 INFO [3994674098.py:20] data successfully read from csv file
data shape : (1470, 36)

2026-01-07 00:04:40,768 INFO [45053640.py:19] after cleaning the data from nulls and making sure target column Attribition only contain valid values
yes or no, result dataset (0, 36)
2026-01-07 00:04:40,870 INFO [1972218821.py:20] successfully plot the distributon of target column, which turns out to be extremly unbalanced
number of Yes in Attrition : 0, number of No in Attrition : 0
2026-01-07 00:04:40,877 INFO [4254998495.py:19] succesfully converted columns to according data types
2026-01-07 00:04:41,214 INFO [134400113.py:29] succesfully explored distribution of columns important in predictoin
2026-01-07 00:07:58,545 INFO [4273197506.py:12] Logger initialized successfully
2026-01-07 00:07:58,585 INFO [1396457362.py:20] data successfully read from csv file
data shape : (1470, 35)

2026-01-07 00:07:58,594 INFO [45053640.py:19] after cleaning the data from nulls and making sure target column Attribition only contain valid values
yes or no, result dataset (1470, 35)
2026-01-07 00:07:58,656 INFO [1972218821.py:20] successfully plot the distributon of target column, which turns out to be extremly unbalanced
number of Yes in Attrition : 237, number of No in Attrition : 1233
2026-01-07 00:07:58,664 INFO [4254998495.py:19] succesfully converted columns to according data types
2026-01-07 00:07:59,065 INFO [134400113.py:29] succesfully explored distribution of columns important in predictoin
2026-01-07 00:08:00,139 INFO [2671692138.py:57] Successfully computed correlations of numerical features.
Top 5 features most strongly associated with attrition:
Age                       NaN
EnvironmentSatisfaction   NaN
MonthlyIncome             NaN
JobSatisfaction           NaN
YearsAtCompany            NaN
Name: Attrition, dtype: float64
2026-01-07 00:08:24,476 INFO [4273197506.py:12] Logger initialized successfully
2026-01-07 00:08:24,504 INFO [1396457362.py:20] data successfully read from csv file
data shape : (1470, 35)

2026-01-07 00:08:24,513 INFO [45053640.py:19] after cleaning the data from nulls and making sure target column Attribition only contain valid values
yes or no, result dataset (1470, 35)
2026-01-07 00:08:24,566 INFO [1972218821.py:20] successfully plot the distributon of target column, which turns out to be extremly unbalanced
number of Yes in Attrition : 237, number of No in Attrition : 1233
2026-01-07 00:08:24,573 INFO [4254998495.py:19] succesfully converted columns to according data types
2026-01-07 00:08:24,984 INFO [134400113.py:29] succesfully explored distribution of columns important in predictoin
2026-01-07 00:08:25,986 INFO [2671692138.py:57] Successfully computed correlations of numerical features.
Top 5 features most strongly associated with attrition:
Age                       NaN
EnvironmentSatisfaction   NaN
MonthlyIncome             NaN
JobSatisfaction           NaN
YearsAtCompany            NaN
Name: Attrition, dtype: float64
2026-01-07 00:08:41,686 INFO [4273197506.py:12] Logger initialized successfully
2026-01-07 00:08:41,717 INFO [1396457362.py:20] data successfully read from csv file
data shape : (1470, 35)

2026-01-07 00:08:41,730 INFO [45053640.py:19] after cleaning the data from nulls and making sure target column Attribition only contain valid values
yes or no, result dataset (1470, 35)
2026-01-07 00:08:41,785 INFO [1972218821.py:20] successfully plot the distributon of target column, which turns out to be extremly unbalanced
number of Yes in Attrition : 237, number of No in Attrition : 1233
2026-01-07 00:08:41,795 INFO [4254998495.py:19] succesfully converted columns to according data types
2026-01-07 00:08:42,160 INFO [134400113.py:29] succesfully explored distribution of columns important in predictoin
2026-01-07 00:08:43,291 INFO [1697000854.py:57] Successfully computed correlations of numerical features.
Top 5 features most strongly associated with attrition:
Age                       NaN
EnvironmentSatisfaction   NaN
MonthlyIncome             NaN
JobSatisfaction           NaN
YearsAtCompany            NaN
Name: Attrition, dtype: float64
2026-01-07 00:08:43,376 INFO [2283534123.py:10] plotted past vs acrive employees by job satisfactionshowing more astisfaction with job -> less likely to leave
2026-01-07 00:08:44,169 INFO [155731557.py:29] we are discovering outliers in numerical features. most of them do not have outliers, but the ones with them we have left untouched.

They are not errors - they are important edge cases model needs to learn.
2026-01-07 00:08:44,176 INFO [3495464140.py:4] we engineered new feature promotion rate, larger the rate, more often the employee is promoted
2026-01-07 00:09:10,605 INFO [4273197506.py:12] Logger initialized successfully
2026-01-07 00:09:10,634 INFO [1396457362.py:20] data successfully read from csv file
data shape : (1470, 35)

2026-01-07 00:09:10,641 INFO [45053640.py:19] after cleaning the data from nulls and making sure target column Attribition only contain valid values
yes or no, result dataset (1470, 35)
2026-01-07 00:09:10,691 INFO [1972218821.py:20] successfully plot the distributon of target column, which turns out to be extremly unbalanced
number of Yes in Attrition : 237, number of No in Attrition : 1233
2026-01-07 00:09:10,699 INFO [4254998495.py:19] succesfully converted columns to according data types
2026-01-07 00:09:11,050 INFO [134400113.py:29] succesfully explored distribution of columns important in predictoin
2026-01-07 00:09:12,051 INFO [1697000854.py:57] Successfully computed correlations of numerical features.
Top 5 features most strongly associated with attrition:
Age                       NaN
EnvironmentSatisfaction   NaN
MonthlyIncome             NaN
JobSatisfaction           NaN
YearsAtCompany            NaN
Name: Attrition, dtype: float64
2026-01-07 00:09:12,116 INFO [2283534123.py:10] plotted past vs acrive employees by job satisfactionshowing more astisfaction with job -> less likely to leave
2026-01-07 00:09:12,850 INFO [155731557.py:29] we are discovering outliers in numerical features. most of them do not have outliers, but the ones with them we have left untouched.

They are not errors - they are important edge cases model needs to learn.
2026-01-07 00:09:12,855 INFO [3495464140.py:4] we engineered new feature promotion rate, larger the rate, more often the employee is promoted
