2026-01-09 17:09:39,996 INFO [4103073857.py:12] Logger initialized successfully
2026-01-09 17:09:40,020 INFO [2934470164.py:19] data successfully read from csv file
initial data shape before cleaning: (1476, 35)

2026-01-09 17:09:40,032 INFO [67458687.py:21] after cleaning the data from nulls and making sure target column Attribition only contain valid values:
yes or no, result dataset (1470, 35)
2026-01-09 17:09:40,130 INFO [1432783861.py:22] successfully plot the distributon of target column, which turns out to be extremly unbalanced
number of Yes in Attrition : 237, number of No in Attrition : 1233
2026-01-09 17:09:40,139 INFO [984959683.py:21] succesfully converted columns to according data types
2026-01-09 17:09:40,702 INFO [714151633.py:31] succesfully explored distribution of columns important in predictoin
2026-01-09 17:09:42,301 INFO [325612301.py:60] Successfully computed correlations of numerical features.
Top 5 features most strongly associated with attrition:
Age                       NaN
EnvironmentSatisfaction   NaN
MonthlyIncome             NaN
JobSatisfaction           NaN
YearsAtCompany            NaN
Name: Attrition, dtype: float64
2026-01-09 17:09:42,413 INFO [1879252419.py:11] plotted past vs acrive employees by job satisfactionshowing more astisfaction with job -> less likely to leave
2026-01-09 17:09:43,404 INFO [1193884817.py:30] we are discovering outliers in numerical features. most of them do not have outliers, but the ones with them we have left untouched.

They are not errors - they are important edge cases model needs to learn.
2026-01-09 17:09:43,410 INFO [842390008.py:5] we engineered new feature promotion rate, larger the rate, more often the employee is promoted
